2022-12-01 17:24:31,689 - wer
2022-12-01 17:24:33,087 - 123
2022-12-01 17:24:34,857 - sdfsdfdsf
2022-12-01 17:26:01,784 - sdfsdfsdgrtnbrhbhtrbrbrh5h3t4ty3hgrtb4egrdfg
2022-12-01 17:26:09,242 - 43ty4o45iuy5498uy4598uyg945g8yuf945uyf984uyd94uyf5f94uyf943u5y
2022-12-01 17:42:32,457 - Internal Server Error: /ex00/
Traceback (most recent call last):
  File "C:\Programs\Python\Python39\lib\site-packages\django\core\handlers\exception.py", line 55, in inner
    response = get_response(request)
  File "C:\Programs\Python\Python39\lib\site-packages\django\core\handlers\base.py", line 197, in _get_response
    response = wrapped_callback(request, *callback_args, **callback_kwargs)
  File "C:\Users\Aveeell\Desktop\django_piscine\04 - base_django\ex00\django\d05\ex00\views.py", line 5, in index
    return render(request, 'templates/ex00/index.html')
  File "C:\Programs\Python\Python39\lib\site-packages\django\shortcuts.py", line 24, in render
    content = loader.render_to_string(template_name, context, request, using=using)
  File "C:\Programs\Python\Python39\lib\site-packages\django\template\loader.py", line 61, in render_to_string
    template = get_template(template_name, using=using)
  File "C:\Programs\Python\Python39\lib\site-packages\django\template\loader.py", line 19, in get_template
    raise TemplateDoesNotExist(template_name, chain=chain)
django.template.exceptions.TemplateDoesNotExist: templates/ex00/index.html
2022-12-01 17:42:50,260 - Internal Server Error: /ex00/
Traceback (most recent call last):
  File "C:\Programs\Python\Python39\lib\site-packages\django\core\handlers\exception.py", line 55, in inner
    response = get_response(request)
  File "C:\Programs\Python\Python39\lib\site-packages\django\core\handlers\base.py", line 197, in _get_response
    response = wrapped_callback(request, *callback_args, **callback_kwargs)
  File "C:\Users\Aveeell\Desktop\django_piscine\04 - base_django\ex00\django\d05\ex00\views.py", line 5, in index
    return render(request, 'templates/ex00/index.html')
  File "C:\Programs\Python\Python39\lib\site-packages\django\shortcuts.py", line 24, in render
    content = loader.render_to_string(template_name, context, request, using=using)
  File "C:\Programs\Python\Python39\lib\site-packages\django\template\loader.py", line 61, in render_to_string
    template = get_template(template_name, using=using)
  File "C:\Programs\Python\Python39\lib\site-packages\django\template\loader.py", line 19, in get_template
    raise TemplateDoesNotExist(template_name, chain=chain)
django.template.exceptions.TemplateDoesNotExist: templates/ex00/index.html
2022-12-01 17:43:04,184 - C:\Users\Aveeell\Desktop\django_piscine\04 - base_django\ex00\django\d05\ex00\views.py changed, reloading.
